<?xml version="1.0" encoding="UTF-8"?>
<robot generator="Robot 3.2.2 (Python 3.8.7 on win32)" generated="20210405 14:53:21.312" rpa="false">
<suite id="s1" name="New" source="D:\Eclipse Workspace\new">
<suite id="s1-s1" name="Testcase" source="D:\Eclipse Workspace\new\testcase.robot">
<test id="s1-s1-t1" name="Tc_05_use_keyword_1">
<kw name="TC_05" library="Keywords">
<arguments>
<arg>userId</arg>
<arg>10</arg>
</arguments>
<kw name="Create Session" library="RequestsLibrary">
<doc>Create Session: create a HTTP session to a server</doc>
<arguments>
<arg>Put_api_Request</arg>
<arg>${base_url}</arg>
</arguments>
<msg timestamp="20210405 14:53:22.682" level="INFO">Creating Session using : alias=Put_api_Request, url=https://jsonplaceholder.typicode.com, headers={},                     cookies={}, auth=None, timeout=None, proxies=None, verify=False,                     debug=0 </msg>
<status status="PASS" starttime="20210405 14:53:22.681" endtime="20210405 14:53:22.683"></status>
</kw>
<kw name="Create Dictionary" library="BuiltIn">
<doc>Creates and returns a dictionary based on the given ``items``.</doc>
<arguments>
<arg>id=1</arg>
<arg>${key}=${value}</arg>
</arguments>
<assign>
<var>${body}</var>
</assign>
<msg timestamp="20210405 14:53:22.686" level="INFO">${body} = {'id': '1', 'userId': '10'}</msg>
<status status="PASS" starttime="20210405 14:53:22.684" endtime="20210405 14:53:22.686"></status>
</kw>
<kw name="Put On Session" library="RequestsLibrary">
<doc>Sends a PUT request on a previously created HTTP Session.</doc>
<arguments>
<arg>Put_api_Request</arg>
<arg>todos/1</arg>
<arg>data=${body}</arg>
</arguments>
<assign>
<var>${resp}</var>
</assign>
<msg timestamp="20210405 14:53:23.597" level="INFO">PUT Request : url=https://jsonplaceholder.typicode.com/todos/1 
 path_url=/todos/1 
 headers={'User-Agent': 'python-requests/2.25.1', 'Accept-Encoding': 'gzip, deflate', 'Accept': '*/*', 'Connection': 'keep-alive', 'Content-Length': '14', 'Content-Type': 'application/x-www-form-urlencoded'} 
 body=id=1&amp;userId=10 
 </msg>
<msg timestamp="20210405 14:53:23.598" level="INFO">PUT Response : url=https://jsonplaceholder.typicode.com/todos/1 
 status=200, reason=OK 
 headers={'Date': 'Mon, 05 Apr 2021 09:23:24 GMT', 'Content-Type': 'application/json; charset=utf-8', 'Content-Length': '31', 'Connection': 'keep-alive', 'Set-Cookie': '__cfduid=df88e6bd6cf4997a8e91ce477784ca9df1617614604; expires=Wed, 05-May-21 09:23:24 GMT; path=/; domain=.typicode.com; HttpOnly; SameSite=Lax', 'X-Powered-By': 'Express', 'X-Ratelimit-Limit': '1000', 'X-Ratelimit-Remaining': '999', 'X-Ratelimit-Reset': '1617614605', 'Vary': 'Origin, Accept-Encoding', 'Access-Control-Allow-Credentials': 'true', 'Cache-Control': 'no-cache', 'Pragma': 'no-cache', 'Expires': '-1', 'X-Content-Type-Options': 'nosniff', 'Etag': 'W/"1f-FzawdGT0O6SzclqIob5it0qVPrs"', 'Via': '1.1 vegur', 'CF-Cache-Status': 'DYNAMIC', 'cf-request-id': '0942f11f2c00002c9201b29000000001', 'Expect-CT': 'max-age=604800, report-uri="https://report-uri.cloudflare.com/cdn-cgi/beacon/expect-ct"', 'Report-To': '{"max_age":604800,"endpoints":[{"url":"https:\\/\\/a.nel.cloudflare.com\\/report?s=yw%2BY9N1v81euSTMBfHMFwJ5SvIADWHELdrrzeQ%2B%2FHtLiGMrFujz8Vk4PmQ%2FSLc%2FVkO6gXT15APLORGd9LYjBBD%2FIC5cdxh8rBcKKjseUcdx7lWwpr8MUPaifRfku"}],"group":"cf-nel"}', 'NEL': '{"report_to":"cf-nel","max_age":604800}', 'Server': 'cloudflare', 'CF-RAY': '63b1b7ab7a052c92-LHR', 'alt-svc': 'h3-27=":443"; ma=86400, h3-28=":443"; ma=86400, h3-29=":443"; ma=86400'} 
 body={
  "id": 1,
  "userId": "10"
} 
 </msg>
<msg timestamp="20210405 14:53:23.598" level="INFO">C:\Program Files\Python\Lib\site-packages\urllib3\connectionpool.py:1013: InsecureRequestWarning: Unverified HTTPS request is being made to host 'jsonplaceholder.typicode.com'. Adding certificate verification is strongly advised. See: https://urllib3.readthedocs.io/en/latest/advanced-usage.html#ssl-warnings
  warnings.warn(</msg>
<msg timestamp="20210405 14:53:23.599" level="INFO">${resp} = &lt;Response [200]&gt;</msg>
<status status="PASS" starttime="20210405 14:53:22.687" endtime="20210405 14:53:23.600"></status>
</kw>
<kw name="Status Should Be" library="RequestsLibrary">
<doc>Fails if response status code is different than the expected.</doc>
<arguments>
<arg>200</arg>
<arg>${resp}</arg>
</arguments>
<status status="PASS" starttime="20210405 14:53:23.601" endtime="20210405 14:53:23.603"></status>
</kw>
<kw name="Log To Console" library="BuiltIn">
<doc>Logs the given message to the console.</doc>
<arguments>
<arg>${resp.content}</arg>
</arguments>
<status status="PASS" starttime="20210405 14:53:23.603" endtime="20210405 14:53:23.605"></status>
</kw>
<status status="PASS" starttime="20210405 14:53:22.677" endtime="20210405 14:53:23.606"></status>
</kw>
<status status="PASS" starttime="20210405 14:53:22.675" endtime="20210405 14:53:23.607" critical="yes"></status>
</test>
<test id="s1-s1-t2" name="Tc_05_use_keyword_2">
<kw name="TC_05" library="Keywords">
<arguments>
<arg>id</arg>
<arg>20</arg>
</arguments>
<kw name="Create Session" library="RequestsLibrary">
<doc>Create Session: create a HTTP session to a server</doc>
<arguments>
<arg>Put_api_Request</arg>
<arg>${base_url}</arg>
</arguments>
<msg timestamp="20210405 14:53:23.614" level="INFO">Creating Session using : alias=Put_api_Request, url=https://jsonplaceholder.typicode.com, headers={},                     cookies={}, auth=None, timeout=None, proxies=None, verify=False,                     debug=0 </msg>
<status status="PASS" starttime="20210405 14:53:23.613" endtime="20210405 14:53:23.615"></status>
</kw>
<kw name="Create Dictionary" library="BuiltIn">
<doc>Creates and returns a dictionary based on the given ``items``.</doc>
<arguments>
<arg>id=1</arg>
<arg>${key}=${value}</arg>
</arguments>
<assign>
<var>${body}</var>
</assign>
<msg timestamp="20210405 14:53:23.617" level="INFO">${body} = {'id': '20'}</msg>
<status status="PASS" starttime="20210405 14:53:23.615" endtime="20210405 14:53:23.618"></status>
</kw>
<kw name="Put On Session" library="RequestsLibrary">
<doc>Sends a PUT request on a previously created HTTP Session.</doc>
<arguments>
<arg>Put_api_Request</arg>
<arg>todos/1</arg>
<arg>data=${body}</arg>
</arguments>
<assign>
<var>${resp}</var>
</assign>
<msg timestamp="20210405 14:53:24.313" level="INFO">PUT Request : url=https://jsonplaceholder.typicode.com/todos/1 
 path_url=/todos/1 
 headers={'User-Agent': 'python-requests/2.25.1', 'Accept-Encoding': 'gzip, deflate', 'Accept': '*/*', 'Connection': 'keep-alive', 'Content-Length': '5', 'Content-Type': 'application/x-www-form-urlencoded'} 
 body=id=20 
 </msg>
<msg timestamp="20210405 14:53:24.314" level="INFO">PUT Response : url=https://jsonplaceholder.typicode.com/todos/1 
 status=200, reason=OK 
 headers={'Date': 'Mon, 05 Apr 2021 09:23:25 GMT', 'Content-Type': 'application/json; charset=utf-8', 'Content-Length': '13', 'Connection': 'keep-alive', 'Set-Cookie': '__cfduid=dcc8b73b450ad32c08f0f87463a6377ed1617614604; expires=Wed, 05-May-21 09:23:24 GMT; path=/; domain=.typicode.com; HttpOnly; SameSite=Lax', 'X-Powered-By': 'Express', 'X-Ratelimit-Limit': '1000', 'X-Ratelimit-Remaining': '999', 'X-Ratelimit-Reset': '1617614665', 'Vary': 'Origin, Accept-Encoding', 'Access-Control-Allow-Credentials': 'true', 'Cache-Control': 'no-cache', 'Pragma': 'no-cache', 'Expires': '-1', 'X-Content-Type-Options': 'nosniff', 'Etag': 'W/"d-p13Thq1mbIznE8TsFv4BmW8SRpg"', 'Via': '1.1 vegur', 'CF-Cache-Status': 'DYNAMIC', 'cf-request-id': '0942f122150000ce8f8f2eb000000001', 'Expect-CT': 'max-age=604800, report-uri="https://report-uri.cloudflare.com/cdn-cgi/beacon/expect-ct"', 'Report-To': '{"max_age":604800,"endpoints":[{"url":"https:\\/\\/a.nel.cloudflare.com\\/report?s=X3t26I5XayrPynEA4szv94bMbFME2WdLDzwOQQksc1zDsUwAe0XI%2BR0eb1tddlJB9hzgZq4N4NVrCS%2B8HlDCxYl4egKtz2VLFz90vnM%2FqM469rddOvaSs8OKzU%2F8"}],"group":"cf-nel"}', 'NEL': '{"report_to":"cf-nel","max_age":604800}', 'Server': 'cloudflare', 'CF-RAY': '63b1b7b02fe5ce8f-LHR', 'alt-svc': 'h3-27=":443"; ma=86400, h3-28=":443"; ma=86400, h3-29=":443"; ma=86400'} 
 body={
  "id": 1
} 
 </msg>
<msg timestamp="20210405 14:53:24.315" level="INFO">C:\Program Files\Python\Lib\site-packages\urllib3\connectionpool.py:1013: InsecureRequestWarning: Unverified HTTPS request is being made to host 'jsonplaceholder.typicode.com'. Adding certificate verification is strongly advised. See: https://urllib3.readthedocs.io/en/latest/advanced-usage.html#ssl-warnings
  warnings.warn(</msg>
<msg timestamp="20210405 14:53:24.316" level="INFO">${resp} = &lt;Response [200]&gt;</msg>
<status status="PASS" starttime="20210405 14:53:23.618" endtime="20210405 14:53:24.316"></status>
</kw>
<kw name="Status Should Be" library="RequestsLibrary">
<doc>Fails if response status code is different than the expected.</doc>
<arguments>
<arg>200</arg>
<arg>${resp}</arg>
</arguments>
<status status="PASS" starttime="20210405 14:53:24.318" endtime="20210405 14:53:24.319"></status>
</kw>
<kw name="Log To Console" library="BuiltIn">
<doc>Logs the given message to the console.</doc>
<arguments>
<arg>${resp.content}</arg>
</arguments>
<status status="PASS" starttime="20210405 14:53:24.320" endtime="20210405 14:53:24.322"></status>
</kw>
<status status="PASS" starttime="20210405 14:53:23.611" endtime="20210405 14:53:24.323"></status>
</kw>
<status status="PASS" starttime="20210405 14:53:23.609" endtime="20210405 14:53:24.324" critical="yes"></status>
</test>
<test id="s1-s1-t3" name="Tc_05_use_keyword_3">
<kw name="TC_05" library="Keywords">
<arguments>
<arg>title</arg>
<arg>updated_title</arg>
</arguments>
<kw name="Create Session" library="RequestsLibrary">
<doc>Create Session: create a HTTP session to a server</doc>
<arguments>
<arg>Put_api_Request</arg>
<arg>${base_url}</arg>
</arguments>
<msg timestamp="20210405 14:53:24.331" level="INFO">Creating Session using : alias=Put_api_Request, url=https://jsonplaceholder.typicode.com, headers={},                     cookies={}, auth=None, timeout=None, proxies=None, verify=False,                     debug=0 </msg>
<status status="PASS" starttime="20210405 14:53:24.330" endtime="20210405 14:53:24.332"></status>
</kw>
<kw name="Create Dictionary" library="BuiltIn">
<doc>Creates and returns a dictionary based on the given ``items``.</doc>
<arguments>
<arg>id=1</arg>
<arg>${key}=${value}</arg>
</arguments>
<assign>
<var>${body}</var>
</assign>
<msg timestamp="20210405 14:53:24.335" level="INFO">${body} = {'id': '1', 'title': 'updated_title'}</msg>
<status status="PASS" starttime="20210405 14:53:24.333" endtime="20210405 14:53:24.335"></status>
</kw>
<kw name="Put On Session" library="RequestsLibrary">
<doc>Sends a PUT request on a previously created HTTP Session.</doc>
<arguments>
<arg>Put_api_Request</arg>
<arg>todos/1</arg>
<arg>data=${body}</arg>
</arguments>
<assign>
<var>${resp}</var>
</assign>
<msg timestamp="20210405 14:53:25.092" level="INFO">PUT Request : url=https://jsonplaceholder.typicode.com/todos/1 
 path_url=/todos/1 
 headers={'User-Agent': 'python-requests/2.25.1', 'Accept-Encoding': 'gzip, deflate', 'Accept': '*/*', 'Connection': 'keep-alive', 'Content-Length': '24', 'Content-Type': 'application/x-www-form-urlencoded'} 
 body=id=1&amp;title=updated_title 
 </msg>
<msg timestamp="20210405 14:53:25.094" level="INFO">PUT Response : url=https://jsonplaceholder.typicode.com/todos/1 
 status=200, reason=OK 
 headers={'Date': 'Mon, 05 Apr 2021 09:23:25 GMT', 'Content-Type': 'application/json; charset=utf-8', 'Content-Length': '41', 'Connection': 'keep-alive', 'Set-Cookie': '__cfduid=dbf589e87c591fe6234b7e0e066eba9f61617614605; expires=Wed, 05-May-21 09:23:25 GMT; path=/; domain=.typicode.com; HttpOnly; SameSite=Lax', 'X-Powered-By': 'Express', 'X-Ratelimit-Limit': '1000', 'X-Ratelimit-Remaining': '998', 'X-Ratelimit-Reset': '1617614665', 'Vary': 'Origin, Accept-Encoding', 'Access-Control-Allow-Credentials': 'true', 'Cache-Control': 'no-cache', 'Pragma': 'no-cache', 'Expires': '-1', 'X-Content-Type-Options': 'nosniff', 'Etag': 'W/"29-ICSGavFXTF8ZDVldxAZoYGvxmq0"', 'Via': '1.1 vegur', 'CF-Cache-Status': 'DYNAMIC', 'cf-request-id': '0942f124e20000dc438f8a1000000001', 'Expect-CT': 'max-age=604800, report-uri="https://report-uri.cloudflare.com/cdn-cgi/beacon/expect-ct"', 'Report-To': '{"max_age":604800,"endpoints":[{"url":"https:\\/\\/a.nel.cloudflare.com\\/report?s=jjNZfDPRa7Nmzcz%2BcVm87SFVD707n16Ysm4qm9qDoxLuRtI0yNTh0ITtDLc4TTVQIrOBVmGp8nab%2BO6TqTsdtBs63KpkcfO33e1981eWXE0UkEjkzxt1YWHz11k8"}],"group":"cf-nel"}', 'NEL': '{"report_to":"cf-nel","max_age":604800}', 'Server': 'cloudflare', 'CF-RAY': '63b1b7b49bdfdc43-LHR', 'alt-svc': 'h3-27=":443"; ma=86400, h3-28=":443"; ma=86400, h3-29=":443"; ma=86400'} 
 body={
  "id": 1,
  "title": "updated_title"
} 
 </msg>
<msg timestamp="20210405 14:53:25.095" level="INFO">C:\Program Files\Python\Lib\site-packages\urllib3\connectionpool.py:1013: InsecureRequestWarning: Unverified HTTPS request is being made to host 'jsonplaceholder.typicode.com'. Adding certificate verification is strongly advised. See: https://urllib3.readthedocs.io/en/latest/advanced-usage.html#ssl-warnings
  warnings.warn(</msg>
<msg timestamp="20210405 14:53:25.097" level="INFO">${resp} = &lt;Response [200]&gt;</msg>
<status status="PASS" starttime="20210405 14:53:24.336" endtime="20210405 14:53:25.098"></status>
</kw>
<kw name="Status Should Be" library="RequestsLibrary">
<doc>Fails if response status code is different than the expected.</doc>
<arguments>
<arg>200</arg>
<arg>${resp}</arg>
</arguments>
<status status="PASS" starttime="20210405 14:53:25.099" endtime="20210405 14:53:25.102"></status>
</kw>
<kw name="Log To Console" library="BuiltIn">
<doc>Logs the given message to the console.</doc>
<arguments>
<arg>${resp.content}</arg>
</arguments>
<status status="PASS" starttime="20210405 14:53:25.103" endtime="20210405 14:53:25.106"></status>
</kw>
<status status="PASS" starttime="20210405 14:53:24.328" endtime="20210405 14:53:25.107"></status>
</kw>
<status status="PASS" starttime="20210405 14:53:24.326" endtime="20210405 14:53:25.109" critical="yes"></status>
</test>
<test id="s1-s1-t4" name="Tc_05_use_keyword_4">
<kw name="TC_05" library="Keywords">
<arguments>
<arg>completed</arg>
<arg>True</arg>
</arguments>
<kw name="Create Session" library="RequestsLibrary">
<doc>Create Session: create a HTTP session to a server</doc>
<arguments>
<arg>Put_api_Request</arg>
<arg>${base_url}</arg>
</arguments>
<msg timestamp="20210405 14:53:25.124" level="INFO">Creating Session using : alias=Put_api_Request, url=https://jsonplaceholder.typicode.com, headers={},                     cookies={}, auth=None, timeout=None, proxies=None, verify=False,                     debug=0 </msg>
<status status="PASS" starttime="20210405 14:53:25.122" endtime="20210405 14:53:25.127"></status>
</kw>
<kw name="Create Dictionary" library="BuiltIn">
<doc>Creates and returns a dictionary based on the given ``items``.</doc>
<arguments>
<arg>id=1</arg>
<arg>${key}=${value}</arg>
</arguments>
<assign>
<var>${body}</var>
</assign>
<msg timestamp="20210405 14:53:25.133" level="INFO">${body} = {'id': '1', 'completed': 'True'}</msg>
<status status="PASS" starttime="20210405 14:53:25.129" endtime="20210405 14:53:25.133"></status>
</kw>
<kw name="Put On Session" library="RequestsLibrary">
<doc>Sends a PUT request on a previously created HTTP Session.</doc>
<arguments>
<arg>Put_api_Request</arg>
<arg>todos/1</arg>
<arg>data=${body}</arg>
</arguments>
<assign>
<var>${resp}</var>
</assign>
<msg timestamp="20210405 14:53:25.857" level="INFO">PUT Request : url=https://jsonplaceholder.typicode.com/todos/1 
 path_url=/todos/1 
 headers={'User-Agent': 'python-requests/2.25.1', 'Accept-Encoding': 'gzip, deflate', 'Accept': '*/*', 'Connection': 'keep-alive', 'Content-Length': '19', 'Content-Type': 'application/x-www-form-urlencoded'} 
 body=id=1&amp;completed=True 
 </msg>
<msg timestamp="20210405 14:53:25.859" level="INFO">PUT Response : url=https://jsonplaceholder.typicode.com/todos/1 
 status=200, reason=OK 
 headers={'Date': 'Mon, 05 Apr 2021 09:23:26 GMT', 'Content-Type': 'application/json; charset=utf-8', 'Content-Length': '36', 'Connection': 'keep-alive', 'Set-Cookie': '__cfduid=ddf7e86c91cec9d8cc362c5e2bf9219491617614606; expires=Wed, 05-May-21 09:23:26 GMT; path=/; domain=.typicode.com; HttpOnly; SameSite=Lax', 'X-Powered-By': 'Express', 'X-Ratelimit-Limit': '1000', 'X-Ratelimit-Remaining': '997', 'X-Ratelimit-Reset': '1617614665', 'Vary': 'Origin, Accept-Encoding', 'Access-Control-Allow-Credentials': 'true', 'Cache-Control': 'no-cache', 'Pragma': 'no-cache', 'Expires': '-1', 'X-Content-Type-Options': 'nosniff', 'Etag': 'W/"24-6jiJ4FK5ff1V7LqJLuA7uqLp/VY"', 'Via': '1.1 vegur', 'CF-Cache-Status': 'DYNAMIC', 'cf-request-id': '0942f12808000006ae4fa35000000001', 'Expect-CT': 'max-age=604800, report-uri="https://report-uri.cloudflare.com/cdn-cgi/beacon/expect-ct"', 'Report-To': '{"max_age":604800,"group":"cf-nel","endpoints":[{"url":"https:\\/\\/a.nel.cloudflare.com\\/report?s=wQ7czo7jJkE9mlHVXk7ak2zXJxJyyxDGqIH0GO8WPHxqMB8BWgtnVyLqzcESiV9latHIMHafjJ3iIMg4LaQzZwDG1R1yi5njGWMcawsNeQGCypFoPucm9PXBgZVh"}]}', 'NEL': '{"max_age":604800,"report_to":"cf-nel"}', 'Server': 'cloudflare', 'CF-RAY': '63b1b7b9af0706ae-LHR', 'alt-svc': 'h3-27=":443"; ma=86400, h3-28=":443"; ma=86400, h3-29=":443"; ma=86400'} 
 body={
  "id": 1,
  "completed": "True"
} 
 </msg>
<msg timestamp="20210405 14:53:25.861" level="INFO">C:\Program Files\Python\Lib\site-packages\urllib3\connectionpool.py:1013: InsecureRequestWarning: Unverified HTTPS request is being made to host 'jsonplaceholder.typicode.com'. Adding certificate verification is strongly advised. See: https://urllib3.readthedocs.io/en/latest/advanced-usage.html#ssl-warnings
  warnings.warn(</msg>
<msg timestamp="20210405 14:53:25.862" level="INFO">${resp} = &lt;Response [200]&gt;</msg>
<status status="PASS" starttime="20210405 14:53:25.135" endtime="20210405 14:53:25.863"></status>
</kw>
<kw name="Status Should Be" library="RequestsLibrary">
<doc>Fails if response status code is different than the expected.</doc>
<arguments>
<arg>200</arg>
<arg>${resp}</arg>
</arguments>
<status status="PASS" starttime="20210405 14:53:25.864" endtime="20210405 14:53:25.868"></status>
</kw>
<kw name="Log To Console" library="BuiltIn">
<doc>Logs the given message to the console.</doc>
<arguments>
<arg>${resp.content}</arg>
</arguments>
<status status="PASS" starttime="20210405 14:53:25.870" endtime="20210405 14:53:25.874"></status>
</kw>
<status status="PASS" starttime="20210405 14:53:25.115" endtime="20210405 14:53:25.877"></status>
</kw>
<status status="PASS" starttime="20210405 14:53:25.112" endtime="20210405 14:53:25.879" critical="yes"></status>
</test>
<status status="PASS" starttime="20210405 14:53:21.591" endtime="20210405 14:53:25.884"></status>
</suite>
<status status="PASS" starttime="20210405 14:53:21.505" endtime="20210405 14:53:25.908"></status>
</suite>
<statistics>
<total>
<stat pass="4" fail="0">Critical Tests</stat>
<stat pass="4" fail="0">All Tests</stat>
</total>
<tag>
</tag>
<suite>
<stat pass="4" fail="0" id="s1" name="New">New</stat>
<stat pass="4" fail="0" id="s1-s1" name="Testcase">New.Testcase</stat>
</suite>
</statistics>
<errors>
</errors>
</robot>
